<?xml version="1.0" encoding="UTF-8"?>
<testng-results ignored="0" total="1" passed="1" failed="0" skipped="0">
  <reporter-output>
  </reporter-output>
  <suite started-at="2022-10-20T10:11:29 EDT" name="Functional" finished-at="2022-10-20T10:11:36 EDT" duration-ms="7226">
    <groups>
    </groups>
    <test started-at="2022-10-20T10:11:29 EDT" name="ChromeBrowser" finished-at="2022-10-20T10:11:36 EDT" duration-ms="7226">
      <class name="amazonTests.AmazonToPurchase">
        <test-method is-config="true" signature="browsers(java.lang.String,java.lang.String)[pri:0, instance:amazonTests.AmazonToPurchase@f6efaab]" started-at="2022-10-20T10:11:29 EDT" name="browsers" finished-at="2022-10-20T10:11:34 EDT" duration-ms="4617" status="PASS">
          <params>
            <param index="0">
              <value>
                <![CDATA[chrome]]>
              </value>
            </param>
            <param index="1">
              <value>
                <![CDATA[https://www.amazon.com/]]>
              </value>
            </param>
          </params>
          <reporter-output>
          </reporter-output>
        </test-method> <!-- browsers -->
        <test-method signature="f()[pri:0, instance:amazonTests.AmazonToPurchase@f6efaab]" started-at="2022-10-20T10:11:34 EDT" name="f" finished-at="2022-10-20T10:11:36 EDT" duration-ms="2575" status="PASS">
          <reporter-output>
          </reporter-output>
        </test-method> <!-- f -->
        <test-method is-config="true" signature="afterTest()[pri:0, instance:amazonTests.AmazonToPurchase@f6efaab]" started-at="2022-10-20T10:11:36 EDT" name="afterTest" finished-at="2022-10-20T10:11:36 EDT" duration-ms="1" status="PASS">
          <reporter-output>
          </reporter-output>
        </test-method> <!-- afterTest -->
      </class> <!-- amazonTests.AmazonToPurchase -->
    </test> <!-- ChromeBrowser -->
  </suite> <!-- Functional -->
</testng-results>
